[2019-01-14 11:16:03] [main] INFO  o.s.t.c.s.AbstractContextLoader - Could not detect default resource locations for test class [com.test.sampleapp.integration.CucumberRoot]: no resource found for suffixes {-context.xml, Context.groovy}.
[2019-01-14 11:16:03] [main] INFO  o.s.b.t.c.SpringBootTestContextBootstrapper - Loaded default TestExecutionListener class names from location [META-INF/spring.factories]: [org.springframework.boot.test.mock.mockito.MockitoTestExecutionListener, org.springframework.boot.test.mock.mockito.ResetMocksTestExecutionListener, org.springframework.boot.test.autoconfigure.restdocs.RestDocsTestExecutionListener, org.springframework.boot.test.autoconfigure.web.client.MockRestServiceServerResetTestExecutionListener, org.springframework.boot.test.autoconfigure.web.servlet.MockMvcPrintOnlyOnFailureTestExecutionListener, org.springframework.boot.test.autoconfigure.web.servlet.WebDriverTestExecutionListener, org.springframework.test.context.web.ServletTestExecutionListener, org.springframework.test.context.support.DirtiesContextBeforeModesTestExecutionListener, org.springframework.test.context.support.DependencyInjectionTestExecutionListener, org.springframework.test.context.support.DirtiesContextTestExecutionListener, org.springframework.test.context.transaction.TransactionalTestExecutionListener, org.springframework.test.context.jdbc.SqlScriptsTestExecutionListener]
[2019-01-14 11:16:04] [main] INFO  o.s.b.t.c.SpringBootTestContextBootstrapper - Using TestExecutionListeners: [org.springframework.test.context.web.ServletTestExecutionListener@7df5549e, org.springframework.test.context.support.DirtiesContextBeforeModesTestExecutionListener@cbdc0f4, org.springframework.boot.test.mock.mockito.MockitoTestExecutionListener@11174bf, org.springframework.boot.test.autoconfigure.SpringBootDependencyInjectionTestExecutionListener@4f0c1409, org.springframework.test.context.support.DirtiesContextTestExecutionListener@188ae8d2, org.springframework.test.context.transaction.TransactionalTestExecutionListener@7a522157, org.springframework.test.context.jdbc.SqlScriptsTestExecutionListener@706c062e, org.springframework.boot.test.mock.mockito.ResetMocksTestExecutionListener@5feff876, org.springframework.boot.test.autoconfigure.restdocs.RestDocsTestExecutionListener@10ec4721, org.springframework.boot.test.autoconfigure.web.client.MockRestServiceServerResetTestExecutionListener@7bdf94f2, org.springframework.boot.test.autoconfigure.web.servlet.MockMvcPrintOnlyOnFailureTestExecutionListener@6b92a0d1, org.springframework.boot.test.autoconfigure.web.servlet.WebDriverTestExecutionListener@4b9ed99d]
[2019-01-14 11:16:07] [main] INFO  o.s.c.s.PostProcessorRegistrationDelegate$BeanPostProcessorChecker - Bean 'org.springframework.retry.annotation.RetryConfiguration' of type [org.springframework.retry.annotation.RetryConfiguration$$EnhancerBySpringCGLIB$$bc33b1e6] is not eligible for getting processed by all BeanPostProcessors (for example: not eligible for auto-proxying)
[2019-01-14 11:16:07] [main] INFO  o.s.c.s.PostProcessorRegistrationDelegate$BeanPostProcessorChecker - Bean 'configurationPropertiesRebinderAutoConfiguration' of type [org.springframework.cloud.autoconfigure.ConfigurationPropertiesRebinderAutoConfiguration$$EnhancerBySpringCGLIB$$e28a1cbe] is not eligible for getting processed by all BeanPostProcessors (for example: not eligible for auto-proxying)
[2019-01-14 11:16:11] [main] INFO  o.s.c.c.s.e.NativeEnvironmentRepository - Adding property source: file:/var/folders/5h/b15jbvzx5wq0jl73d12vqwg40000gp/T/config-repo-907968503492660306/Application.yml
[2019-01-14 11:16:11] [main] INFO  o.s.c.c.s.e.NativeEnvironmentRepository - Adding property source: file:/var/folders/5h/b15jbvzx5wq0jl73d12vqwg40000gp/T/config-repo-907968503492660306/application.yml
[2019-01-14 11:16:11] [main] INFO  o.s.c.b.c.PropertySourceBootstrapConfiguration - Located property source: CompositePropertySource {name='configService', propertySources=[MapPropertySource {name='https://github.com/Romeh/config.git/Application.yml'}, MapPropertySource {name='https://github.com/Romeh/config.git/application.yml'}]}
[2019-01-14 11:16:11] [main] INFO  c.t.s.integration.GetVersionStep - The following profiles are active: INTEGRATION_TEST
[2019-01-14 11:16:13] [main] INFO  o.s.d.r.c.RepositoryConfigurationDelegate - Bootstrapping Spring Data repositories in DEFAULT mode.
[2019-01-14 11:16:13] [main] INFO  o.s.d.r.c.RepositoryConfigurationDelegate - Finished Spring Data repository scanning in 107ms. Found 1 repository interfaces.
[2019-01-14 11:16:14] [main] INFO  o.s.cloud.context.scope.GenericScope - BeanFactory id=3ca24905-7235-3b69-89c9-d0a8eb7504f1
[2019-01-14 11:16:14] [main] INFO  o.s.c.s.PostProcessorRegistrationDelegate$BeanPostProcessorChecker - Bean 'org.springframework.retry.annotation.RetryConfiguration' of type [org.springframework.retry.annotation.RetryConfiguration$$EnhancerBySpringCGLIB$$bc33b1e6] is not eligible for getting processed by all BeanPostProcessors (for example: not eligible for auto-proxying)
[2019-01-14 11:16:14] [main] INFO  o.s.c.s.PostProcessorRegistrationDelegate$BeanPostProcessorChecker - Bean 'org.springframework.transaction.annotation.ProxyTransactionManagementConfiguration' of type [org.springframework.transaction.annotation.ProxyTransactionManagementConfiguration$$EnhancerBySpringCGLIB$$c67019c1] is not eligible for getting processed by all BeanPostProcessors (for example: not eligible for auto-proxying)
[2019-01-14 11:16:14] [main] INFO  o.s.c.s.PostProcessorRegistrationDelegate$BeanPostProcessorChecker - Bean 'org.springframework.cloud.autoconfigure.ConfigurationPropertiesRebinderAutoConfiguration' of type [org.springframework.cloud.autoconfigure.ConfigurationPropertiesRebinderAutoConfiguration$$EnhancerBySpringCGLIB$$e28a1cbe] is not eligible for getting processed by all BeanPostProcessors (for example: not eligible for auto-proxying)
[2019-01-14 11:16:16] [main] INFO  o.s.b.w.e.tomcat.TomcatWebServer - Tomcat initialized with port(s): 0 (http)
[2019-01-14 11:16:16] [main] INFO  o.a.coyote.http11.Http11NioProtocol - Initializing ProtocolHandler ["http-nio-auto-1"]
[2019-01-14 11:16:16] [main] INFO  o.a.catalina.core.StandardService - Starting service [Tomcat]
[2019-01-14 11:16:16] [main] INFO  o.a.catalina.core.StandardEngine - Starting Servlet Engine: Apache Tomcat/9.0.12
[2019-01-14 11:16:16] [main] INFO  o.a.c.core.AprLifecycleListener - The APR based Apache Tomcat Native library which allows optimal performance in production environments was not found on the java.library.path: [/Users/rsusarla/Library/Java/Extensions:/Library/Java/Extensions:/Network/Library/Java/Extensions:/System/Library/Java/Extensions:/usr/lib/java:.]
[2019-01-14 11:16:16] [main] INFO  o.a.c.c.C.[Tomcat].[localhost].[/] - Initializing Spring embedded WebApplicationContext
[2019-01-14 11:16:16] [main] INFO  o.s.web.context.ContextLoader - Root WebApplicationContext: initialization completed in 5125 ms
[2019-01-14 11:16:17] [main] INFO  o.s.j.d.e.EmbeddedDatabaseFactory - Starting embedded database: url='jdbc:h2:mem:testdb;DB_CLOSE_DELAY=-1;DB_CLOSE_ON_EXIT=false', username='sa'
[2019-01-14 11:16:18] [main] INFO  o.s.b.w.s.FilterRegistrationBean - Mapping filter: 'characterEncodingFilter' to: [/*]
[2019-01-14 11:16:18] [main] INFO  o.s.b.w.s.FilterRegistrationBean - Mapping filter: 'webMvcMetricsFilter' to: [/*]
[2019-01-14 11:16:18] [main] INFO  o.s.b.w.s.FilterRegistrationBean - Mapping filter: 'hiddenHttpMethodFilter' to: [/*]
[2019-01-14 11:16:18] [main] INFO  o.s.b.w.s.FilterRegistrationBean - Mapping filter: 'formContentFilter' to: [/*]
[2019-01-14 11:16:18] [main] INFO  o.s.b.w.s.FilterRegistrationBean - Mapping filter: 'requestContextFilter' to: [/*]
[2019-01-14 11:16:18] [main] INFO  o.s.b.w.s.FilterRegistrationBean - Mapping filter: 'httpTraceFilter' to: [/*]
[2019-01-14 11:16:18] [main] INFO  o.s.b.w.s.ServletRegistrationBean - Servlet dispatcherServlet mapped to [/]
[2019-01-14 11:16:19] [main] INFO  o.h.jpa.internal.util.LogHelper - HHH000204: Processing PersistenceUnitInfo [
	name: default
	...]
[2019-01-14 11:16:19] [main] INFO  org.hibernate.Version - HHH000412: Hibernate Core {5.3.7.Final}
[2019-01-14 11:16:19] [main] INFO  org.hibernate.cfg.Environment - HHH000206: hibernate.properties not found
[2019-01-14 11:16:19] [main] INFO  o.h.annotations.common.Version - HCANN000001: Hibernate Commons Annotations {5.0.4.Final}
[2019-01-14 11:16:20] [main] INFO  org.hibernate.dialect.Dialect - HHH000400: Using dialect: org.hibernate.dialect.H2Dialect
[2019-01-14 11:16:22] [main] INFO  o.s.o.j.LocalContainerEntityManagerFactoryBean - Initialized JPA EntityManagerFactory for persistence unit 'default'
[2019-01-14 11:16:23] [main] WARN  o.s.b.a.o.j.JpaBaseConfiguration$JpaWebConfiguration$JpaWebMvcConfiguration - spring.jpa.open-in-view is enabled by default. Therefore, database queries may be performed during view rendering. Explicitly configure spring.jpa.open-in-view to disable this warning
[2019-01-14 11:16:24] [main] INFO  o.s.b.a.e.web.EndpointLinksResolver - Exposing 2 endpoint(s) beneath base path '/actuator'
[2019-01-14 11:16:24] [main] INFO  s.d.s.w.PropertySourcedRequestMappingHandlerMapping - Mapped URL path [/v2/api-docs] onto method [public org.springframework.http.ResponseEntity<springfox.documentation.spring.web.json.Json> springfox.documentation.swagger2.web.Swagger2Controller.getDocumentation(java.lang.String,javax.servlet.http.HttpServletRequest)]
[2019-01-14 11:16:25] [main] INFO  o.s.s.c.ThreadPoolTaskExecutor - Initializing ExecutorService 'applicationTaskExecutor'
[2019-01-14 11:16:26] [main] INFO  o.s.s.c.ThreadPoolTaskScheduler - Initializing ExecutorService 'taskScheduler'
[2019-01-14 11:16:26] [main] INFO  s.d.s.w.p.DocumentationPluginsBootstrapper - Context refreshed
[2019-01-14 11:16:26] [main] INFO  s.d.s.w.p.DocumentationPluginsBootstrapper - Found 1 custom documentation plugin(s)
[2019-01-14 11:16:26] [main] INFO  s.d.s.w.s.ApiListingReferenceScanner - Scanning for api listing references
[2019-01-14 11:16:27] [main] INFO  s.d.s.w.r.o.CachingOperationNameGenerator - Generating unique operation named: handleUsingGET_1
[2019-01-14 11:16:27] [main] INFO  s.d.s.w.r.o.CachingOperationNameGenerator - Generating unique operation named: handleUsingGET_2
[2019-01-14 11:16:27] [main] INFO  s.d.s.w.r.o.CachingOperationNameGenerator - Generating unique operation named: handleUsingGET_3
[2019-01-14 11:16:27] [main] INFO  o.a.coyote.http11.Http11NioProtocol - Starting ProtocolHandler ["http-nio-auto-1"]
[2019-01-14 11:16:27] [main] INFO  o.a.tomcat.util.net.NioSelectorPool - Using a shared selector for servlet write/read
[2019-01-14 11:16:27] [main] INFO  o.s.b.w.e.tomcat.TomcatWebServer - Tomcat started on port(s): 60569 (http) with context path ''
[2019-01-14 11:16:27] [main] INFO  c.t.s.integration.GetVersionStep - Started GetVersionStep in 23.26 seconds (JVM running for 27.902)
[2019-01-14 11:16:27] [http-nio-auto-1-exec-1] INFO  o.a.c.c.C.[Tomcat].[localhost].[/] - Initializing Spring DispatcherServlet 'dispatcherServlet'
[2019-01-14 11:16:27] [http-nio-auto-1-exec-1] INFO  o.s.web.servlet.DispatcherServlet - Initializing Servlet 'dispatcherServlet'
[2019-01-14 11:16:27] [http-nio-auto-1-exec-1] INFO  o.s.web.servlet.DispatcherServlet - Completed initialization in 62 ms
[2019-01-14 11:16:28] [main] INFO  o.s.t.c.s.AbstractContextLoader - Could not detect default resource locations for test class [com.test.sampleapp.integration.CucumberRoot]: no resource found for suffixes {-context.xml, Context.groovy}.
[2019-01-14 11:16:28] [main] INFO  o.s.b.t.c.SpringBootTestContextBootstrapper - Loaded default TestExecutionListener class names from location [META-INF/spring.factories]: [org.springframework.boot.test.mock.mockito.MockitoTestExecutionListener, org.springframework.boot.test.mock.mockito.ResetMocksTestExecutionListener, org.springframework.boot.test.autoconfigure.restdocs.RestDocsTestExecutionListener, org.springframework.boot.test.autoconfigure.web.client.MockRestServiceServerResetTestExecutionListener, org.springframework.boot.test.autoconfigure.web.servlet.MockMvcPrintOnlyOnFailureTestExecutionListener, org.springframework.boot.test.autoconfigure.web.servlet.WebDriverTestExecutionListener, org.springframework.test.context.web.ServletTestExecutionListener, org.springframework.test.context.support.DirtiesContextBeforeModesTestExecutionListener, org.springframework.test.context.support.DependencyInjectionTestExecutionListener, org.springframework.test.context.support.DirtiesContextTestExecutionListener, org.springframework.test.context.transaction.TransactionalTestExecutionListener, org.springframework.test.context.jdbc.SqlScriptsTestExecutionListener]
[2019-01-14 11:16:28] [main] INFO  o.s.b.t.c.SpringBootTestContextBootstrapper - Using TestExecutionListeners: [org.springframework.test.context.web.ServletTestExecutionListener@47fbbfd7, org.springframework.test.context.support.DirtiesContextBeforeModesTestExecutionListener@1b0281d6, org.springframework.boot.test.mock.mockito.MockitoTestExecutionListener@7ce33081, org.springframework.boot.test.autoconfigure.SpringBootDependencyInjectionTestExecutionListener@272d95ca, org.springframework.test.context.support.DirtiesContextTestExecutionListener@3db293ff, org.springframework.test.context.transaction.TransactionalTestExecutionListener@3231b9ae, org.springframework.test.context.jdbc.SqlScriptsTestExecutionListener@5733e051, org.springframework.boot.test.mock.mockito.ResetMocksTestExecutionListener@1cfbacb8, org.springframework.boot.test.autoconfigure.restdocs.RestDocsTestExecutionListener@35ffe9b3, org.springframework.boot.test.autoconfigure.web.client.MockRestServiceServerResetTestExecutionListener@abcda6b, org.springframework.boot.test.autoconfigure.web.servlet.MockMvcPrintOnlyOnFailureTestExecutionListener@42459205, org.springframework.boot.test.autoconfigure.web.servlet.WebDriverTestExecutionListener@31a6899]
[2019-01-14 11:16:28] [Thread-18] INFO  o.s.s.c.ThreadPoolTaskScheduler - Shutting down ExecutorService 'taskScheduler'
[2019-01-14 11:16:28] [Thread-18] INFO  o.s.s.c.ThreadPoolTaskExecutor - Shutting down ExecutorService 'applicationTaskExecutor'
[2019-01-14 11:16:28] [Thread-18] INFO  o.s.o.j.LocalContainerEntityManagerFactoryBean - Closing JPA EntityManagerFactory for persistence unit 'default'
[2019-01-14 11:16:28] [Thread-18] INFO  o.s.j.d.e.EmbeddedDatabaseFactory - Shutting down embedded database: url='jdbc:h2:mem:testdb;DB_CLOSE_DELAY=-1;DB_CLOSE_ON_EXIT=false'
